0 verbose cli [ '/usr/bin/node', '/usr/bin/npm', 'i' ]
1 info using npm@8.5.5
2 info using node@v18.3.0
3 timing npm:load:whichnode Completed in 0ms
4 timing config:load:defaults Completed in 1ms
5 timing config:load:file:/usr/lib/node_modules/npm/npmrc Completed in 2ms
6 timing config:load:builtin Completed in 2ms
7 timing config:load:cli Completed in 2ms
8 timing config:load:env Completed in 0ms
9 timing config:load:file:/home/mg433/Projects/mushroom-server-fork/.npmrc Completed in 0ms
10 timing config:load:project Completed in 4ms
11 timing config:load:file:/home/mg433/.npmrc Completed in 0ms
12 timing config:load:user Completed in 0ms
13 timing config:load:file:/usr/etc/npmrc Completed in 0ms
14 timing config:load:global Completed in 0ms
15 timing config:load:validate Completed in 0ms
16 timing config:load:credentials Completed in 1ms
17 timing config:load:setEnvs Completed in 1ms
18 timing config:load Completed in 11ms
19 timing npm:load:configload Completed in 11ms
20 timing npm:load:setTitle Completed in 0ms
21 timing config:load:flatten Completed in 2ms
22 timing npm:load:display Completed in 2ms
23 verbose logfile /home/mg433/.npm/_logs/2022-06-19T19_25_21_607Z-debug-0.log
24 timing npm:load:logFile Completed in 3ms
25 timing npm:load:timers Completed in 0ms
26 timing npm:load:configScope Completed in 0ms
27 timing npm:load Completed in 18ms
28 timing arborist:ctor Completed in 1ms
29 silly logfile start cleaning logs, removing 1 files
30 timing idealTree:init Completed in 84ms
31 timing idealTree:userRequests Completed in 0ms
32 silly idealTree buildDeps
33 timing idealTree:#root Completed in 0ms
34 timing idealTree:buildDeps Completed in 1ms
35 timing idealTree:fixDepFlags Completed in 0ms
36 timing idealTree Completed in 88ms
37 timing reify:loadTrees Completed in 93ms
38 timing reify:diffTrees Completed in 2ms
39 silly reify moves {}
40 timing reify:retireShallow Completed in 0ms
41 timing reify:createSparse Completed in 23ms
42 timing reify:loadBundles Completed in 0ms
43 silly audit bulk request {
43 silly audit   '@sindresorhus/is': [ '0.14.0' ],
43 silly audit   '@szmarczak/http-timer': [ '1.1.2' ],
43 silly audit   abbrev: [ '1.1.1' ],
43 silly audit   accepts: [ '1.3.8' ],
43 silly audit   'ansi-align': [ '3.0.1' ],
43 silly audit   'ansi-regex': [ '5.0.1' ],
43 silly audit   'ansi-styles': [ '4.3.0' ],
43 silly audit   anymatch: [ '3.1.2' ],
43 silly audit   'array-flatten': [ '1.1.1' ],
43 silly audit   async: [ '3.2.3' ],
43 silly audit   'balanced-match': [ '1.0.2' ],
43 silly audit   bcryptjs: [ '2.4.3' ],
43 silly audit   'binary-extensions': [ '2.2.0' ],
43 silly audit   'body-parser': [ '1.19.2' ],
43 silly audit   boxen: [ '5.1.2' ],
43 silly audit   'brace-expansion': [ '1.1.11', '2.0.1' ],
43 silly audit   braces: [ '3.0.2' ],
43 silly audit   'buffer-equal-constant-time': [ '1.0.1' ],
43 silly audit   bytes: [ '3.1.2' ],
43 silly audit   'cacheable-request': [ '6.1.0' ],
43 silly audit   'get-stream': [ '5.2.0', '4.1.0' ],
43 silly audit   'lowercase-keys': [ '2.0.0', '1.0.1' ],
43 silly audit   camelcase: [ '6.3.0' ],
43 silly audit   chalk: [ '4.1.2' ],
43 silly audit   'has-flag': [ '4.0.0', '3.0.0' ],
43 silly audit   'supports-color': [ '7.2.0', '5.5.0' ],
43 silly audit   chokidar: [ '3.5.3' ],
43 silly audit   'ci-info': [ '2.0.0' ],
43 silly audit   'cli-boxes': [ '2.2.1' ],
43 silly audit   'clone-response': [ '1.0.2' ],
43 silly audit   'color-convert': [ '2.0.1' ],
43 silly audit   'color-name': [ '1.1.4' ],
43 silly audit   'concat-map': [ '0.0.1' ],
43 silly audit   configstore: [ '5.0.1' ],
43 silly audit   'content-disposition': [ '0.5.4' ],
43 silly audit   'content-type': [ '1.0.4' ],
43 silly audit   cookie: [ '0.4.2' ],
43 silly audit   'cookie-signature': [ '1.0.6' ],
43 silly audit   cors: [ '2.8.5' ],
43 silly audit   cron: [ '1.8.2' ],
43 silly audit   'crypto-random-string': [ '2.0.0' ],
43 silly audit   debug: [ '2.6.9', '3.2.7' ],
43 silly audit   'decompress-response': [ '3.3.0' ],
43 silly audit   'deep-extend': [ '0.6.0' ],
43 silly audit   'defer-to-connect': [ '1.1.3' ],
43 silly audit   denque: [ '2.0.1' ],
43 silly audit   depd: [ '1.1.2' ],
43 silly audit   destroy: [ '1.0.4' ],
43 silly audit   'dot-prop': [ '5.3.0' ],
43 silly audit   dotenv: [ '16.0.0' ],
43 silly audit   duplexer3: [ '0.1.4' ],
43 silly audit   'ecdsa-sig-formatter': [ '1.0.11' ],
43 silly audit   'ee-first': [ '1.1.1' ],
43 silly audit   ejs: [ '3.1.7' ],
43 silly audit   'emoji-regex': [ '8.0.0' ],
43 silly audit   encodeurl: [ '1.0.2' ],
43 silly audit   'end-of-stream': [ '1.4.4' ],
43 silly audit   'escape-goat': [ '2.1.1' ],
43 silly audit   'escape-html': [ '1.0.3' ],
43 silly audit   etag: [ '1.8.1' ],
43 silly audit   express: [ '4.17.3' ],
43 silly audit   filelist: [ '1.0.3' ],
43 silly audit   minimatch: [ '5.0.1', '3.1.2' ],
43 silly audit   'fill-range': [ '7.0.1' ],
43 silly audit   finalhandler: [ '1.1.2' ],
43 silly audit   forwarded: [ '0.2.0' ],
43 silly audit   fresh: [ '0.5.2' ],
43 silly audit   fsevents: [ '2.3.2' ],
43 silly audit   'generate-function': [ '2.3.1' ],
43 silly audit   'glob-parent': [ '5.1.2' ],
43 silly audit   'global-dirs': [ '3.0.0' ],
43 silly audit   got: [ '9.6.0' ],
43 silly audit   'graceful-fs': [ '4.2.10' ],
43 silly audit   'has-yarn': [ '2.1.0' ],
43 silly audit   'http-cache-semantics': [ '4.1.0' ],
43 silly audit   'http-errors': [ '1.8.1' ],
43 silly audit   'iconv-lite': [ '0.4.24', '0.6.3' ],
43 silly audit   'ignore-by-default': [ '1.0.1' ],
43 silly audit   'import-lazy': [ '2.1.0' ],
43 silly audit   imurmurhash: [ '0.1.4' ],
43 silly audit   inherits: [ '2.0.4' ],
43 silly audit   ini: [ '2.0.0', '1.3.8' ],
43 silly audit   'ipaddr.js': [ '1.9.1' ],
43 silly audit   'is-binary-path': [ '2.1.0' ],
43 silly audit   'is-ci': [ '2.0.0' ],
43 silly audit   'is-extglob': [ '2.1.1' ],
43 silly audit   'is-fullwidth-code-point': [ '3.0.0' ],
43 silly audit   'is-glob': [ '4.0.3' ],
43 silly audit   'is-installed-globally': [ '0.4.0' ],
43 silly audit   'is-npm': [ '5.0.0' ],
43 silly audit   'is-number': [ '7.0.0' ],
43 silly audit   'is-obj': [ '2.0.0' ],
43 silly audit   'is-path-inside': [ '3.0.3' ],
43 silly audit   'is-property': [ '1.0.2' ],
43 silly audit   'is-typedarray': [ '1.0.0' ],
43 silly audit   'is-yarn-global': [ '0.3.0' ],
43 silly audit   jake: [ '10.8.5' ],
43 silly audit   'json-buffer': [ '3.0.0' ],
43 silly audit   jsonwebtoken: [ '8.5.1' ],
43 silly audit   ms: [ '2.1.3', '2.0.0' ],
43 silly audit   jwa: [ '1.4.1' ],
43 silly audit   jws: [ '3.2.2' ],
43 silly audit   keyv: [ '3.1.0' ],
43 silly audit   'latest-version': [ '5.1.0' ],
43 silly audit   'lodash.includes': [ '4.3.0' ],
43 silly audit   'lodash.isboolean': [ '3.0.3' ],
43 silly audit   'lodash.isinteger': [ '4.0.4' ],
43 silly audit   'lodash.isnumber': [ '3.0.3' ],
43 silly audit   'lodash.isplainobject': [ '4.0.6' ],
43 silly audit   'lodash.isstring': [ '4.0.1' ],
43 silly audit   'lodash.once': [ '4.1.1' ],
43 silly audit   long: [ '4.0.0' ],
43 silly audit   'lru-cache': [ '6.0.0', '4.1.5', '7.8.1' ],
43 silly audit   'make-dir': [ '3.1.0' ],
43 silly audit   semver: [ '6.3.0', '5.7.1', '7.3.6' ],
43 silly audit   'media-typer': [ '0.3.0' ],
43 silly audit   'merge-descriptors': [ '1.0.1' ],
43 silly audit   methods: [ '1.1.2' ],
43 silly audit   mime: [ '1.6.0' ],
43 silly audit   'mime-db': [ '1.52.0' ],
43 silly audit   'mime-types': [ '2.1.35' ],
43 silly audit   'mimic-response': [ '1.0.1' ],
43 silly audit   minimist: [ '1.2.6' ],
43 silly audit   moment: [ '2.29.2' ],
43 silly audit   'moment-timezone': [ '0.5.34' ],
43 silly audit   mysql2: [ '2.3.3' ],
43 silly audit   'named-placeholders': [ '1.1.2' ],
43 silly audit   yallist: [ '2.1.2', '4.0.0' ],
43 silly audit   negotiator: [ '0.6.3' ],
43 silly audit   nodemailer: [ '6.7.3' ],
43 silly audit   nodemon: [ '2.0.15' ],
43 silly audit   nopt: [ '1.0.10' ],
43 silly audit   'normalize-path': [ '3.0.0' ],
43 silly audit   'normalize-url': [ '4.5.1' ],
43 silly audit   'object-assign': [ '4.1.1' ],
43 silly audit   'on-finished': [ '2.3.0' ],
43 silly audit   once: [ '1.4.0' ],
43 silly audit   'p-cancelable': [ '1.1.0' ],
43 silly audit   'package-json': [ '6.5.0' ],
43 silly audit   parseurl: [ '1.3.3' ],
43 silly audit   'path-to-regexp': [ '0.1.7' ],
43 silly audit   picomatch: [ '2.3.1' ],
43 silly audit   'prepend-http': [ '2.0.0' ],
43 silly audit   'proxy-addr': [ '2.0.7' ],
43 silly audit   pseudomap: [ '1.0.2' ],
43 silly audit   'pstree.remy': [ '1.1.8' ],
43 silly audit   pump: [ '3.0.0' ],
43 silly audit   pupa: [ '2.1.1' ],
43 silly audit   qs: [ '6.9.7' ],
43 silly audit   'range-parser': [ '1.2.1' ],
43 silly audit   'raw-body': [ '2.4.3' ],
43 silly audit   rc: [ '1.2.8' ],
43 silly audit   readdirp: [ '3.6.0' ],
43 silly audit   'registry-auth-token': [ '4.2.1' ],
43 silly audit   'registry-url': [ '5.1.0' ],
43 silly audit   responselike: [ '1.0.2' ],
43 silly audit   'safe-buffer': [ '5.2.1' ],
43 silly audit   'safer-buffer': [ '2.1.2' ],
43 silly audit   'semver-diff': [ '3.1.1' ],
43 silly audit   send: [ '0.17.2' ],
43 silly audit   'seq-queue': [ '0.0.5' ],
43 silly audit   'serve-static': [ '1.14.2' ],
43 silly audit   setprototypeof: [ '1.2.0' ],
43 silly audit   'signal-exit': [ '3.0.7' ],
43 silly audit   sqlstring: [ '2.3.3' ],
43 silly audit   statuses: [ '1.5.0' ],
43 silly audit   'string-width': [ '4.2.3' ],
43 silly audit   'strip-ansi': [ '6.0.1' ],
43 silly audit   'strip-json-comments': [ '2.0.1' ],
43 silly audit   'to-readable-stream': [ '1.0.0' ],
43 silly audit   'to-regex-range': [ '5.0.1' ],
43 silly audit   toidentifier: [ '1.0.1' ],
43 silly audit   touch: [ '3.1.0' ],
43 silly audit   'type-fest': [ '0.20.2' ],
43 silly audit   'type-is': [ '1.6.18' ],
43 silly audit   'typedarray-to-buffer': [ '3.1.5' ],
43 silly audit   undefsafe: [ '2.0.5' ],
43 silly audit   'unique-string': [ '2.0.0' ],
43 silly audit   unpipe: [ '1.0.0' ],
43 silly audit   'update-notifier': [ '5.1.0' ],
43 silly audit   'url-parse-lax': [ '3.0.0' ],
43 silly audit   'utils-merge': [ '1.0.1' ],
43 silly audit   vary: [ '1.1.2' ],
43 silly audit   'widest-line': [ '3.1.0' ],
43 silly audit   'wrap-ansi': [ '7.0.0' ],
43 silly audit   wrappy: [ '1.0.2' ],
43 silly audit   'write-file-atomic': [ '3.0.3' ],
43 silly audit   'xdg-basedir': [ '4.0.0' ]
43 silly audit }
44 verbose reify failed optional dependency /home/mg433/Projects/mushroom-server-fork/node_modules/fsevents
45 silly reify mark deleted [ '/home/mg433/Projects/mushroom-server-fork/node_modules/fsevents' ]
46 timing reifyNode:node_modules/fsevents Completed in 34ms
47 silly tarball no local data for wrappy@https://registry.npmjs.org/wrappy/-/wrappy-1.0.2.tgz. Extracting by manifest.
48 silly tarball no local data for vary@https://registry.npmjs.org/vary/-/vary-1.1.2.tgz. Extracting by manifest.
49 silly tarball no local data for widest-line@https://registry.npmjs.org/widest-line/-/widest-line-3.1.0.tgz. Extracting by manifest.
50 silly tarball no local data for utils-merge@https://registry.npmjs.org/utils-merge/-/utils-merge-1.0.1.tgz. Extracting by manifest.
51 silly tarball no local data for write-file-atomic@https://registry.npmjs.org/write-file-atomic/-/write-file-atomic-3.0.3.tgz. Extracting by manifest.
52 silly tarball no local data for xdg-basedir@https://registry.npmjs.org/xdg-basedir/-/xdg-basedir-4.0.0.tgz. Extracting by manifest.
53 silly tarball no local data for update-notifier@https://registry.npmjs.org/update-notifier/-/update-notifier-5.1.0.tgz. Extracting by manifest.
54 silly tarball no local data for unpipe@https://registry.npmjs.org/unpipe/-/unpipe-1.0.0.tgz. Extracting by manifest.
55 silly tarball no local data for url-parse-lax@https://registry.npmjs.org/url-parse-lax/-/url-parse-lax-3.0.0.tgz. Extracting by manifest.
56 silly tarball no local data for undefsafe@https://registry.npmjs.org/undefsafe/-/undefsafe-2.0.5.tgz. Extracting by manifest.
57 silly tarball no local data for typedarray-to-buffer@https://registry.npmjs.org/typedarray-to-buffer/-/typedarray-to-buffer-3.1.5.tgz. Extracting by manifest.
58 silly tarball no local data for unique-string@https://registry.npmjs.org/unique-string/-/unique-string-2.0.0.tgz. Extracting by manifest.
59 silly tarball no local data for touch@https://registry.npmjs.org/touch/-/touch-3.1.0.tgz. Extracting by manifest.
60 silly tarball no local data for type-is@https://registry.npmjs.org/type-is/-/type-is-1.6.18.tgz. Extracting by manifest.
61 silly tarball no local data for to-readable-stream@https://registry.npmjs.org/to-readable-stream/-/to-readable-stream-1.0.0.tgz. Extracting by manifest.
62 silly tarball no local data for strip-json-comments@https://registry.npmjs.org/strip-json-comments/-/strip-json-comments-2.0.1.tgz. Extracting by manifest.
63 silly tarball no local data for toidentifier@https://registry.npmjs.org/toidentifier/-/toidentifier-1.0.1.tgz. Extracting by manifest.
64 silly tarball no local data for statuses@https://registry.npmjs.org/statuses/-/statuses-1.5.0.tgz. Extracting by manifest.
65 silly tarball no local data for sqlstring@https://registry.npmjs.org/sqlstring/-/sqlstring-2.3.3.tgz. Extracting by manifest.
66 silly tarball no local data for seq-queue@https://registry.npmjs.org/seq-queue/-/seq-queue-0.0.5.tgz. Extracting by manifest.
67 silly tarball no local data for setprototypeof@https://registry.npmjs.org/setprototypeof/-/setprototypeof-1.2.0.tgz. Extracting by manifest.
68 silly tarball no local data for send@https://registry.npmjs.org/send/-/send-0.17.2.tgz. Extracting by manifest.
69 silly tarball no local data for safer-buffer@https://registry.npmjs.org/safer-buffer/-/safer-buffer-2.1.2.tgz. Extracting by manifest.
70 silly tarball no local data for serve-static@https://registry.npmjs.org/serve-static/-/serve-static-1.14.2.tgz. Extracting by manifest.
71 silly tarball no local data for semver@https://registry.npmjs.org/semver/-/semver-5.7.1.tgz. Extracting by manifest.
72 silly tarball no local data for responselike@https://registry.npmjs.org/responselike/-/responselike-1.0.2.tgz. Extracting by manifest.
73 silly tarball no local data for semver-diff@https://registry.npmjs.org/semver-diff/-/semver-diff-3.1.1.tgz. Extracting by manifest.
74 silly tarball no local data for registry-url@https://registry.npmjs.org/registry-url/-/registry-url-5.1.0.tgz. Extracting by manifest.
75 silly tarball no local data for readdirp@https://registry.npmjs.org/readdirp/-/readdirp-3.6.0.tgz. Extracting by manifest.
76 silly tarball no local data for registry-auth-token@https://registry.npmjs.org/registry-auth-token/-/registry-auth-token-4.2.1.tgz. Extracting by manifest.
77 silly tarball no local data for qs@https://registry.npmjs.org/qs/-/qs-6.9.7.tgz. Extracting by manifest.
78 silly tarball no local data for rc@https://registry.npmjs.org/rc/-/rc-1.2.8.tgz. Extracting by manifest.
79 silly tarball no local data for raw-body@https://registry.npmjs.org/raw-body/-/raw-body-2.4.3.tgz. Extracting by manifest.
80 silly tarball no local data for range-parser@https://registry.npmjs.org/range-parser/-/range-parser-1.2.1.tgz. Extracting by manifest.
81 silly tarball no local data for pseudomap@https://registry.npmjs.org/pseudomap/-/pseudomap-1.0.2.tgz. Extracting by manifest.
82 silly tarball no local data for pupa@https://registry.npmjs.org/pupa/-/pupa-2.1.1.tgz. Extracting by manifest.
83 silly tarball no local data for prepend-http@https://registry.npmjs.org/prepend-http/-/prepend-http-2.0.0.tgz. Extracting by manifest.
84 silly tarball no local data for path-to-regexp@https://registry.npmjs.org/path-to-regexp/-/path-to-regexp-0.1.7.tgz. Extracting by manifest.
85 silly tarball no local data for pstree.remy@https://registry.npmjs.org/pstree.remy/-/pstree.remy-1.1.8.tgz. Extracting by manifest.
86 silly tarball no local data for pump@https://registry.npmjs.org/pump/-/pump-3.0.0.tgz. Extracting by manifest.
87 silly tarball no local data for parseurl@https://registry.npmjs.org/parseurl/-/parseurl-1.3.3.tgz. Extracting by manifest.
88 silly tarball no local data for once@https://registry.npmjs.org/once/-/once-1.4.0.tgz. Extracting by manifest.
89 silly tarball no local data for on-finished@https://registry.npmjs.org/on-finished/-/on-finished-2.3.0.tgz. Extracting by manifest.
90 silly tarball no local data for object-assign@https://registry.npmjs.org/object-assign/-/object-assign-4.1.1.tgz. Extracting by manifest.
91 silly tarball no local data for package-json@https://registry.npmjs.org/package-json/-/package-json-6.5.0.tgz. Extracting by manifest.
92 silly tarball no local data for proxy-addr@https://registry.npmjs.org/proxy-addr/-/proxy-addr-2.0.7.tgz. Extracting by manifest.
93 silly tarball no local data for p-cancelable@https://registry.npmjs.org/p-cancelable/-/p-cancelable-1.1.0.tgz. Extracting by manifest.
94 silly tarball no local data for nopt@https://registry.npmjs.org/nopt/-/nopt-1.0.10.tgz. Extracting by manifest.
95 silly tarball no local data for nodemailer@https://registry.npmjs.org/nodemailer/-/nodemailer-6.7.3.tgz. Extracting by manifest.
96 silly tarball no local data for normalize-url@https://registry.npmjs.org/normalize-url/-/normalize-url-4.5.1.tgz. Extracting by manifest.
97 silly tarball no local data for named-placeholders@https://registry.npmjs.org/named-placeholders/-/named-placeholders-1.1.2.tgz. Extracting by manifest.
98 silly tarball no local data for negotiator@https://registry.npmjs.org/negotiator/-/negotiator-0.6.3.tgz. Extracting by manifest.
99 silly tarball no local data for ms@https://registry.npmjs.org/ms/-/ms-2.0.0.tgz. Extracting by manifest.
100 silly tarball no local data for nodemon@https://registry.npmjs.org/nodemon/-/nodemon-2.0.15.tgz. Extracting by manifest.
101 silly tarball no local data for moment-timezone@https://registry.npmjs.org/moment-timezone/-/moment-timezone-0.5.34.tgz. Extracting by manifest.
102 silly tarball no local data for moment@https://registry.npmjs.org/moment/-/moment-2.29.2.tgz. Extracting by manifest.
103 silly tarball no local data for mysql2@https://registry.npmjs.org/mysql2/-/mysql2-2.3.3.tgz. Extracting by manifest.
104 silly tarball no local data for mimic-response@https://registry.npmjs.org/mimic-response/-/mimic-response-1.0.1.tgz. Extracting by manifest.
105 silly tarball no local data for methods@https://registry.npmjs.org/methods/-/methods-1.1.2.tgz. Extracting by manifest.
106 silly tarball no local data for media-typer@https://registry.npmjs.org/media-typer/-/media-typer-0.3.0.tgz. Extracting by manifest.
107 silly tarball no local data for merge-descriptors@https://registry.npmjs.org/merge-descriptors/-/merge-descriptors-1.0.1.tgz. Extracting by manifest.
108 silly tarball no local data for mime@https://registry.npmjs.org/mime/-/mime-1.6.0.tgz. Extracting by manifest.
109 silly tarball no local data for lodash.once@https://registry.npmjs.org/lodash.once/-/lodash.once-4.1.1.tgz. Extracting by manifest.
110 silly tarball no local data for lodash.isstring@https://registry.npmjs.org/lodash.isstring/-/lodash.isstring-4.0.1.tgz. Extracting by manifest.
111 silly tarball no local data for lowercase-keys@https://registry.npmjs.org/lowercase-keys/-/lowercase-keys-1.0.1.tgz. Extracting by manifest.
112 silly tarball no local data for long@https://registry.npmjs.org/long/-/long-4.0.0.tgz. Extracting by manifest.
113 silly tarball no local data for lodash.isplainobject@https://registry.npmjs.org/lodash.isplainobject/-/lodash.isplainobject-4.0.6.tgz. Extracting by manifest.
114 silly tarball no local data for lodash.isinteger@https://registry.npmjs.org/lodash.isinteger/-/lodash.isinteger-4.0.4.tgz. Extracting by manifest.
115 silly tarball no local data for lodash.isnumber@https://registry.npmjs.org/lodash.isnumber/-/lodash.isnumber-3.0.3.tgz. Extracting by manifest.
116 silly tarball no local data for lodash.includes@https://registry.npmjs.org/lodash.includes/-/lodash.includes-4.3.0.tgz. Extracting by manifest.
117 silly tarball no local data for lodash.isboolean@https://registry.npmjs.org/lodash.isboolean/-/lodash.isboolean-3.0.3.tgz. Extracting by manifest.
118 silly tarball no local data for latest-version@https://registry.npmjs.org/latest-version/-/latest-version-5.1.0.tgz. Extracting by manifest.
119 silly tarball no local data for jws@https://registry.npmjs.org/jws/-/jws-3.2.2.tgz. Extracting by manifest.
120 silly tarball no local data for json-buffer@https://registry.npmjs.org/json-buffer/-/json-buffer-3.0.0.tgz. Extracting by manifest.
121 silly tarball no local data for keyv@https://registry.npmjs.org/keyv/-/keyv-3.1.0.tgz. Extracting by manifest.
122 silly tarball no local data for jake@https://registry.npmjs.org/jake/-/jake-10.8.5.tgz. Extracting by manifest.
123 silly tarball no local data for jsonwebtoken@https://registry.npmjs.org/jsonwebtoken/-/jsonwebtoken-8.5.1.tgz. Extracting by manifest.
124 silly tarball no local data for is-typedarray@https://registry.npmjs.org/is-typedarray/-/is-typedarray-1.0.0.tgz. Extracting by manifest.
125 silly tarball no local data for is-property@https://registry.npmjs.org/is-property/-/is-property-1.0.2.tgz. Extracting by manifest.
126 silly tarball no local data for is-path-inside@https://registry.npmjs.org/is-path-inside/-/is-path-inside-3.0.3.tgz. Extracting by manifest.
127 silly tarball no local data for is-yarn-global@https://registry.npmjs.org/is-yarn-global/-/is-yarn-global-0.3.0.tgz. Extracting by manifest.
128 silly tarball no local data for jwa@https://registry.npmjs.org/jwa/-/jwa-1.4.1.tgz. Extracting by manifest.
129 silly tarball no local data for is-obj@https://registry.npmjs.org/is-obj/-/is-obj-2.0.0.tgz. Extracting by manifest.
130 silly tarball no local data for is-npm@https://registry.npmjs.org/is-npm/-/is-npm-5.0.0.tgz. Extracting by manifest.
131 silly tarball no local data for is-installed-globally@https://registry.npmjs.org/is-installed-globally/-/is-installed-globally-0.4.0.tgz. Extracting by manifest.
132 silly tarball no local data for is-ci@https://registry.npmjs.org/is-ci/-/is-ci-2.0.0.tgz. Extracting by manifest.
133 silly tarball no local data for is-extglob@https://registry.npmjs.org/is-extglob/-/is-extglob-2.1.1.tgz. Extracting by manifest.
134 silly tarball no local data for ipaddr.js@https://registry.npmjs.org/ipaddr.js/-/ipaddr.js-1.9.1.tgz. Extracting by manifest.
135 silly tarball no local data for is-binary-path@https://registry.npmjs.org/is-binary-path/-/is-binary-path-2.1.0.tgz. Extracting by manifest.
136 silly tarball no local data for imurmurhash@https://registry.npmjs.org/imurmurhash/-/imurmurhash-0.1.4.tgz. Extracting by manifest.
137 silly tarball no local data for import-lazy@https://registry.npmjs.org/import-lazy/-/import-lazy-2.1.0.tgz. Extracting by manifest.
138 silly tarball no local data for ignore-by-default@https://registry.npmjs.org/ignore-by-default/-/ignore-by-default-1.0.1.tgz. Extracting by manifest.
139 silly tarball no local data for ini@https://registry.npmjs.org/ini/-/ini-2.0.0.tgz. Extracting by manifest.
140 silly tarball no local data for http-errors@https://registry.npmjs.org/http-errors/-/http-errors-1.8.1.tgz. Extracting by manifest.
141 silly tarball no local data for has-yarn@https://registry.npmjs.org/has-yarn/-/has-yarn-2.1.0.tgz. Extracting by manifest.
142 silly tarball no local data for has-flag@https://registry.npmjs.org/has-flag/-/has-flag-3.0.0.tgz. Extracting by manifest.
143 silly tarball no local data for got@https://registry.npmjs.org/got/-/got-9.6.0.tgz. Extracting by manifest.
144 silly tarball no local data for global-dirs@https://registry.npmjs.org/global-dirs/-/global-dirs-3.0.0.tgz. Extracting by manifest.
145 silly tarball no local data for iconv-lite@https://registry.npmjs.org/iconv-lite/-/iconv-lite-0.4.24.tgz. Extracting by manifest.
146 silly tarball no local data for http-cache-semantics@https://registry.npmjs.org/http-cache-semantics/-/http-cache-semantics-4.1.0.tgz. Extracting by manifest.
147 silly tarball no local data for get-stream@https://registry.npmjs.org/get-stream/-/get-stream-4.1.0.tgz. Extracting by manifest.
148 silly tarball no local data for fresh@https://registry.npmjs.org/fresh/-/fresh-0.5.2.tgz. Extracting by manifest.
149 silly tarball no local data for generate-function@https://registry.npmjs.org/generate-function/-/generate-function-2.3.1.tgz. Extracting by manifest.
150 silly tarball no local data for filelist@https://registry.npmjs.org/filelist/-/filelist-1.0.3.tgz. Extracting by manifest.
151 silly tarball no local data for forwarded@https://registry.npmjs.org/forwarded/-/forwarded-0.2.0.tgz. Extracting by manifest.
152 silly tarball no local data for finalhandler@https://registry.npmjs.org/finalhandler/-/finalhandler-1.1.2.tgz. Extracting by manifest.
153 silly tarball no local data for etag@https://registry.npmjs.org/etag/-/etag-1.8.1.tgz. Extracting by manifest.
154 silly tarball no local data for escape-html@https://registry.npmjs.org/escape-html/-/escape-html-1.0.3.tgz. Extracting by manifest.
155 silly tarball no local data for encodeurl@https://registry.npmjs.org/encodeurl/-/encodeurl-1.0.2.tgz. Extracting by manifest.
156 silly tarball no local data for end-of-stream@https://registry.npmjs.org/end-of-stream/-/end-of-stream-1.4.4.tgz. Extracting by manifest.
157 silly tarball no local data for express@https://registry.npmjs.org/express/-/express-4.17.3.tgz. Extracting by manifest.
158 silly tarball no local data for escape-goat@https://registry.npmjs.org/escape-goat/-/escape-goat-2.1.1.tgz. Extracting by manifest.
159 silly tarball no local data for ee-first@https://registry.npmjs.org/ee-first/-/ee-first-1.1.1.tgz. Extracting by manifest.
160 silly tarball no local data for duplexer3@https://registry.npmjs.org/duplexer3/-/duplexer3-0.1.4.tgz. Extracting by manifest.
161 silly tarball no local data for ejs@https://registry.npmjs.org/ejs/-/ejs-3.1.7.tgz. Extracting by manifest.
162 silly tarball no local data for dotenv@https://registry.npmjs.org/dotenv/-/dotenv-16.0.0.tgz. Extracting by manifest.
163 silly tarball no local data for destroy@https://registry.npmjs.org/destroy/-/destroy-1.0.4.tgz. Extracting by manifest.
164 silly tarball no local data for depd@https://registry.npmjs.org/depd/-/depd-1.1.2.tgz. Extracting by manifest.
165 silly tarball no local data for ecdsa-sig-formatter@https://registry.npmjs.org/ecdsa-sig-formatter/-/ecdsa-sig-formatter-1.0.11.tgz. Extracting by manifest.
166 silly tarball no local data for dot-prop@https://registry.npmjs.org/dot-prop/-/dot-prop-5.3.0.tgz. Extracting by manifest.
167 silly tarball no local data for defer-to-connect@https://registry.npmjs.org/defer-to-connect/-/defer-to-connect-1.1.3.tgz. Extracting by manifest.
168 silly tarball no local data for decompress-response@https://registry.npmjs.org/decompress-response/-/decompress-response-3.3.0.tgz. Extracting by manifest.
169 silly tarball no local data for deep-extend@https://registry.npmjs.org/deep-extend/-/deep-extend-0.6.0.tgz. Extracting by manifest.
170 silly tarball no local data for cookie-signature@https://registry.npmjs.org/cookie-signature/-/cookie-signature-1.0.6.tgz. Extracting by manifest.
171 silly tarball no local data for cron@https://registry.npmjs.org/cron/-/cron-1.8.2.tgz. Extracting by manifest.
172 silly tarball no local data for content-type@https://registry.npmjs.org/content-type/-/content-type-1.0.4.tgz. Extracting by manifest.
173 silly tarball no local data for content-disposition@https://registry.npmjs.org/content-disposition/-/content-disposition-0.5.4.tgz. Extracting by manifest.
174 silly tarball no local data for cors@https://registry.npmjs.org/cors/-/cors-2.8.5.tgz. Extracting by manifest.
175 silly tarball no local data for cookie@https://registry.npmjs.org/cookie/-/cookie-0.4.2.tgz. Extracting by manifest.
176 silly tarball no local data for concat-map@https://registry.npmjs.org/concat-map/-/concat-map-0.0.1.tgz. Extracting by manifest.
177 silly tarball no local data for configstore@https://registry.npmjs.org/configstore/-/configstore-5.0.1.tgz. Extracting by manifest.
178 silly tarball no local data for clone-response@https://registry.npmjs.org/clone-response/-/clone-response-1.0.2.tgz. Extracting by manifest.
179 silly tarball no local data for crypto-random-string@https://registry.npmjs.org/crypto-random-string/-/crypto-random-string-2.0.0.tgz. Extracting by manifest.
180 silly tarball no local data for cli-boxes@https://registry.npmjs.org/cli-boxes/-/cli-boxes-2.2.1.tgz. Extracting by manifest.
181 silly tarball no local data for ci-info@https://registry.npmjs.org/ci-info/-/ci-info-2.0.0.tgz. Extracting by manifest.
182 silly tarball no local data for chokidar@https://registry.npmjs.org/chokidar/-/chokidar-3.5.3.tgz. Extracting by manifest.
183 silly tarball no local data for buffer-equal-constant-time@https://registry.npmjs.org/buffer-equal-constant-time/-/buffer-equal-constant-time-1.0.1.tgz. Extracting by manifest.
184 silly tarball no local data for cacheable-request@https://registry.npmjs.org/cacheable-request/-/cacheable-request-6.1.0.tgz. Extracting by manifest.
185 silly tarball no local data for bytes@https://registry.npmjs.org/bytes/-/bytes-3.1.2.tgz. Extracting by manifest.
186 silly tarball no local data for boxen@https://registry.npmjs.org/boxen/-/boxen-5.1.2.tgz. Extracting by manifest.
187 silly tarball no local data for body-parser@https://registry.npmjs.org/body-parser/-/body-parser-1.19.2.tgz. Extracting by manifest.
188 silly tarball no local data for bcryptjs@https://registry.npmjs.org/bcryptjs/-/bcryptjs-2.4.3.tgz. Extracting by manifest.
189 silly tarball no local data for array-flatten@https://registry.npmjs.org/array-flatten/-/array-flatten-1.1.1.tgz. Extracting by manifest.
190 silly tarball no local data for binary-extensions@https://registry.npmjs.org/binary-extensions/-/binary-extensions-2.2.0.tgz. Extracting by manifest.
191 silly tarball no local data for async@https://registry.npmjs.org/async/-/async-3.2.3.tgz. Extracting by manifest.
192 silly tarball no local data for accepts@https://registry.npmjs.org/accepts/-/accepts-1.3.8.tgz. Extracting by manifest.
193 silly tarball no local data for ansi-align@https://registry.npmjs.org/ansi-align/-/ansi-align-3.0.1.tgz. Extracting by manifest.
194 silly tarball no local data for @sindresorhus/is@https://registry.npmjs.org/@sindresorhus/is/-/is-0.14.0.tgz. Extracting by manifest.
195 silly tarball no local data for lru-cache@https://registry.npmjs.org/lru-cache/-/lru-cache-7.8.1.tgz. Extracting by manifest.
196 silly tarball no local data for abbrev@https://registry.npmjs.org/abbrev/-/abbrev-1.1.1.tgz. Extracting by manifest.
197 silly tarball no local data for semver@https://registry.npmjs.org/semver/-/semver-7.3.6.tgz. Extracting by manifest.
198 silly tarball no local data for @szmarczak/http-timer@https://registry.npmjs.org/@szmarczak/http-timer/-/http-timer-1.1.2.tgz. Extracting by manifest.
199 silly tarball no local data for ini@https://registry.npmjs.org/ini/-/ini-1.3.8.tgz. Extracting by manifest.
200 silly tarball no local data for yallist@https://registry.npmjs.org/yallist/-/yallist-2.1.2.tgz. Extracting by manifest.
201 silly tarball no local data for lru-cache@https://registry.npmjs.org/lru-cache/-/lru-cache-4.1.5.tgz. Extracting by manifest.
202 silly tarball no local data for iconv-lite@https://registry.npmjs.org/iconv-lite/-/iconv-lite-0.6.3.tgz. Extracting by manifest.
203 silly tarball no local data for brace-expansion@https://registry.npmjs.org/brace-expansion/-/brace-expansion-2.0.1.tgz. Extracting by manifest.
204 silly tarball no local data for minimatch@https://registry.npmjs.org/minimatch/-/minimatch-5.0.1.tgz. Extracting by manifest.
205 silly tarball no local data for get-stream@https://registry.npmjs.org/get-stream/-/get-stream-5.2.0.tgz. Extracting by manifest.
206 silly tarball no local data for lowercase-keys@https://registry.npmjs.org/lowercase-keys/-/lowercase-keys-2.0.0.tgz. Extracting by manifest.
207 timing reifyNode:node_modules/wrap-ansi Completed in 866ms
208 timing reifyNode:node_modules/normalize-path Completed in 864ms
209 timing reifyNode:node_modules/is-number Completed in 862ms
210 timing reifyNode:node_modules/color-name Completed in 861ms
211 timing reifyNode:node_modules/brace-expansion Completed in 860ms
212 timing reifyNode:node_modules/jsonwebtoken/node_modules/ms Completed in 864ms
213 timing reifyNode:node_modules/send/node_modules/ms Completed in 867ms
214 timing reifyNode:node_modules/nodemon/node_modules/ms Completed in 865ms
215 timing reifyNode:node_modules/supports-color Completed in 868ms
216 timing reifyNode:node_modules/to-regex-range Completed in 868ms
217 timing reifyNode:node_modules/strip-ansi Completed in 868ms
218 timing reifyNode:node_modules/string-width Completed in 869ms
219 timing reifyNode:node_modules/signal-exit Completed in 869ms
220 timing reifyNode:node_modules/lru-cache Completed in 866ms
221 timing reifyNode:node_modules/make-dir Completed in 866ms
222 timing reifyNode:node_modules/is-fullwidth-code-point Completed in 865ms
223 timing reifyNode:node_modules/inherits Completed in 866ms
224 timing reifyNode:node_modules/is-glob Completed in 866ms
225 timing reifyNode:node_modules/glob-parent Completed in 865ms
226 timing reifyNode:node_modules/fill-range Completed in 865ms
227 timing reifyNode:node_modules/camelcase Completed in 865ms
228 timing reifyNode:node_modules/ansi-regex Completed in 864ms
229 timing reifyNode:node_modules/anymatch Completed in 864ms
230 timing reifyNode:node_modules/chalk/node_modules/supports-color Completed in 865ms
231 timing reifyNode:node_modules/chalk/node_modules/has-flag Completed in 865ms
232 timing reifyNode:node_modules/yallist Completed in 873ms
233 timing reifyNode:node_modules/balanced-match Completed in 868ms
234 timing reifyNode:node_modules/ansi-styles Completed in 868ms
235 timing reifyNode:node_modules/mime-types Completed in 873ms
236 timing reifyNode:node_modules/minimatch Completed in 874ms
237 timing reifyNode:node_modules/safe-buffer Completed in 879ms
238 timing reifyNode:node_modules/graceful-fs Completed in 875ms
239 timing reifyNode:node_modules/denque Completed in 874ms
240 timing reifyNode:node_modules/color-convert Completed in 875ms
241 timing reifyNode:node_modules/chalk Completed in 878ms
242 timing reifyNode:node_modules/emoji-regex Completed in 881ms
243 timing reifyNode:node_modules/semver-diff/node_modules/semver Completed in 895ms
244 timing reifyNode:node_modules/package-json/node_modules/semver Completed in 894ms
245 timing reifyNode:node_modules/nodemon/node_modules/debug Completed in 893ms
246 timing reifyNode:node_modules/make-dir/node_modules/semver Completed in 892ms
247 timing reifyNode:node_modules/braces Completed in 891ms
248 timing reifyNode:node_modules/picomatch Completed in 897ms
249 timing reifyNode:node_modules/mime-db Completed in 897ms
250 timing reifyNode:node_modules/debug Completed in 893ms
251 timing reifyNode:node_modules/minimist Completed in 898ms
252 timing reifyNode:node_modules/type-fest Completed in 902ms
253 http fetch GET 200 https://registry.npmjs.org/widest-line/-/widest-line-3.1.0.tgz 851ms (cache miss)
254 timing reifyNode:node_modules/widest-line Completed in 930ms
255 http fetch GET 200 https://registry.npmjs.org/write-file-atomic/-/write-file-atomic-3.0.3.tgz 847ms (cache miss)
256 timing reifyNode:node_modules/write-file-atomic Completed in 933ms
257 http fetch GET 200 https://registry.npmjs.org/utils-merge/-/utils-merge-1.0.1.tgz 861ms (cache miss)
258 timing reifyNode:node_modules/utils-merge Completed in 944ms
259 http fetch GET 200 https://registry.npmjs.org/vary/-/vary-1.1.2.tgz 872ms (cache miss)
260 timing reifyNode:node_modules/vary Completed in 948ms
261 http fetch GET 200 https://registry.npmjs.org/update-notifier/-/update-notifier-5.1.0.tgz 884ms (cache miss)
262 timing reifyNode:node_modules/update-notifier Completed in 977ms
263 http fetch GET 200 https://registry.npmjs.org/unpipe/-/unpipe-1.0.0.tgz 955ms (cache miss)
264 timing reifyNode:node_modules/unpipe Completed in 1054ms
265 http fetch GET 200 https://registry.npmjs.org/typedarray-to-buffer/-/typedarray-to-buffer-3.1.5.tgz 969ms (cache miss)
266 timing reifyNode:node_modules/typedarray-to-buffer Completed in 1081ms
267 http fetch GET 200 https://registry.npmjs.org/xdg-basedir/-/xdg-basedir-4.0.0.tgz 1000ms (cache miss)
268 timing reifyNode:node_modules/xdg-basedir Completed in 1091ms
269 http fetch GET 200 https://registry.npmjs.org/url-parse-lax/-/url-parse-lax-3.0.0.tgz 990ms (cache miss)
270 timing reifyNode:node_modules/url-parse-lax Completed in 1093ms
271 http fetch GET 200 https://registry.npmjs.org/unique-string/-/unique-string-2.0.0.tgz 982ms (cache miss)
272 timing reifyNode:node_modules/unique-string Completed in 1099ms
273 http fetch GET 200 https://registry.npmjs.org/to-readable-stream/-/to-readable-stream-1.0.0.tgz 977ms (cache miss)
274 timing reifyNode:node_modules/to-readable-stream Completed in 1102ms
275 http fetch POST 200 https://registry.npmjs.org/-/npm/v1/security/advisories/bulk 1133ms
276 timing auditReport:getReport Completed in 1136ms
277 silly audit report {}
278 timing auditReport:init Completed in 0ms
279 timing reify:audit Completed in 1136ms
280 http fetch GET 200 https://registry.npmjs.org/touch/-/touch-3.1.0.tgz 1017ms (cache miss)
281 timing reifyNode:node_modules/touch Completed in 1136ms
282 http fetch GET 200 https://registry.npmjs.org/strip-json-comments/-/strip-json-comments-2.0.1.tgz 1014ms (cache miss)
283 timing reifyNode:node_modules/strip-json-comments Completed in 1144ms
284 http fetch GET 200 https://registry.npmjs.org/toidentifier/-/toidentifier-1.0.1.tgz 1015ms (cache miss)
285 timing reifyNode:node_modules/toidentifier Completed in 1147ms
286 http fetch GET 200 https://registry.npmjs.org/statuses/-/statuses-1.5.0.tgz 1013ms (cache miss)
287 timing reifyNode:node_modules/statuses Completed in 1151ms
288 http fetch GET 200 https://registry.npmjs.org/setprototypeof/-/setprototypeof-1.2.0.tgz 1009ms (cache miss)
289 timing reifyNode:node_modules/setprototypeof Completed in 1157ms
290 http fetch GET 200 https://registry.npmjs.org/semver-diff/-/semver-diff-3.1.1.tgz 990ms (cache miss)
291 timing reifyNode:node_modules/semver-diff Completed in 1168ms
292 http fetch GET 200 https://registry.npmjs.org/registry-url/-/registry-url-5.1.0.tgz 1011ms (cache miss)
293 timing reifyNode:node_modules/registry-url Completed in 1193ms
294 http fetch GET 200 https://registry.npmjs.org/type-is/-/type-is-1.6.18.tgz 1083ms (cache miss)
295 timing reifyNode:node_modules/type-is Completed in 1205ms
296 http fetch GET 200 https://registry.npmjs.org/responselike/-/responselike-1.0.2.tgz 1040ms (cache miss)
297 timing reifyNode:node_modules/responselike Completed in 1208ms
298 http fetch GET 200 https://registry.npmjs.org/range-parser/-/range-parser-1.2.1.tgz 999ms (cache miss)
299 timing reifyNode:node_modules/range-parser Completed in 1215ms
300 http fetch GET 200 https://registry.npmjs.org/undefsafe/-/undefsafe-2.0.5.tgz 1120ms (cache miss)
301 timing reifyNode:node_modules/undefsafe Completed in 1227ms
302 http fetch GET 200 https://registry.npmjs.org/registry-auth-token/-/registry-auth-token-4.2.1.tgz 1037ms (cache miss)
303 timing reifyNode:node_modules/registry-auth-token Completed in 1229ms
304 http fetch GET 200 https://registry.npmjs.org/sqlstring/-/sqlstring-2.3.3.tgz 1112ms (cache miss)
305 timing reifyNode:node_modules/sqlstring Completed in 1254ms
306 http fetch GET 200 https://registry.npmjs.org/serve-static/-/serve-static-1.14.2.tgz 1102ms (cache miss)
307 timing reifyNode:node_modules/serve-static Completed in 1264ms
308 http fetch GET 200 https://registry.npmjs.org/readdirp/-/readdirp-3.6.0.tgz 1079ms (cache miss)
309 timing reifyNode:node_modules/readdirp Completed in 1266ms
310 http fetch GET 200 https://registry.npmjs.org/prepend-http/-/prepend-http-2.0.0.tgz 1056ms (cache miss)
311 timing reifyNode:node_modules/prepend-http Completed in 1289ms
312 http fetch GET 200 https://registry.npmjs.org/parseurl/-/parseurl-1.3.3.tgz 1045ms (cache miss)
313 timing reifyNode:node_modules/parseurl Completed in 1293ms
314 http fetch GET 200 https://registry.npmjs.org/pump/-/pump-3.0.0.tgz 1054ms (cache miss)
315 timing reifyNode:node_modules/pump Completed in 1298ms
316 http fetch GET 200 https://registry.npmjs.org/send/-/send-0.17.2.tgz 1162ms (cache miss)
317 timing reifyNode:node_modules/send Completed in 1317ms
318 http fetch GET 200 https://registry.npmjs.org/pseudomap/-/pseudomap-1.0.2.tgz 1099ms (cache miss)
319 timing reifyNode:node_modules/pseudomap Completed in 1319ms
320 http fetch GET 200 https://registry.npmjs.org/package-json/-/package-json-6.5.0.tgz 1060ms (cache miss)
321 timing reifyNode:node_modules/package-json Completed in 1326ms
322 http fetch GET 200 https://registry.npmjs.org/seq-queue/-/seq-queue-0.0.5.tgz 1199ms (cache miss)
323 timing reifyNode:node_modules/seq-queue Completed in 1344ms
324 http fetch GET 200 https://registry.npmjs.org/safer-buffer/-/safer-buffer-2.1.2.tgz 1189ms (cache miss)
325 timing reifyNode:node_modules/safer-buffer Completed in 1347ms
326 http fetch GET 200 https://registry.npmjs.org/object-assign/-/object-assign-4.1.1.tgz 1108ms (cache miss)
327 timing reifyNode:node_modules/object-assign Completed in 1366ms
328 http fetch GET 200 https://registry.npmjs.org/named-placeholders/-/named-placeholders-1.1.2.tgz 1081ms (cache miss)
329 timing reifyNode:node_modules/named-placeholders Completed in 1369ms
330 http fetch GET 200 https://registry.npmjs.org/pupa/-/pupa-2.1.1.tgz 1164ms (cache miss)
331 timing reifyNode:node_modules/pupa Completed in 1392ms
332 http fetch GET 200 https://registry.npmjs.org/path-to-regexp/-/path-to-regexp-0.1.7.tgz 1160ms (cache miss)
333 timing reifyNode:node_modules/path-to-regexp Completed in 1397ms
334 http fetch GET 200 https://registry.npmjs.org/semver/-/semver-5.7.1.tgz 1256ms (cache miss)
335 timing reifyNode:node_modules/semver Completed in 1421ms
336 http fetch GET 200 https://registry.npmjs.org/on-finished/-/on-finished-2.3.0.tgz 1170ms (cache miss)
337 timing reifyNode:node_modules/on-finished Completed in 1424ms
338 http fetch GET 200 https://registry.npmjs.org/raw-body/-/raw-body-2.4.3.tgz 1239ms (cache miss)
339 timing reifyNode:node_modules/raw-body Completed in 1449ms
340 http fetch GET 200 https://registry.npmjs.org/proxy-addr/-/proxy-addr-2.0.7.tgz 1184ms (cache miss)
341 timing reifyNode:node_modules/proxy-addr Completed in 1455ms
342 http fetch GET 200 https://registry.npmjs.org/p-cancelable/-/p-cancelable-1.1.0.tgz 1183ms (cache miss)
343 timing reifyNode:node_modules/p-cancelable Completed in 1458ms
344 http fetch GET 200 https://registry.npmjs.org/mimic-response/-/mimic-response-1.0.1.tgz 1156ms (cache miss)
345 timing reifyNode:node_modules/mimic-response Completed in 1473ms
346 http fetch GET 200 https://registry.npmjs.org/lodash.isinteger/-/lodash.isinteger-4.0.4.tgz 1137ms (cache miss)
347 timing reifyNode:node_modules/lodash.isinteger Completed in 1493ms
348 http fetch GET 200 https://registry.npmjs.org/is-yarn-global/-/is-yarn-global-0.3.0.tgz 1087ms (cache miss)
349 timing reifyNode:node_modules/is-yarn-global Completed in 1496ms
350 http fetch GET 200 https://registry.npmjs.org/is-installed-globally/-/is-installed-globally-0.4.0.tgz 1075ms (cache miss)
351 timing reifyNode:node_modules/is-installed-globally Completed in 1502ms
352 http fetch GET 200 https://registry.npmjs.org/is-obj/-/is-obj-2.0.0.tgz 1086ms (cache miss)
353 timing reifyNode:node_modules/is-obj Completed in 1505ms
354 http fetch GET 200 https://registry.npmjs.org/rc/-/rc-1.2.8.tgz 1314ms (cache miss)
355 timing reifyNode:node_modules/rc Completed in 1519ms
356 http fetch GET 200 https://registry.npmjs.org/normalize-url/-/normalize-url-4.5.1.tgz 1240ms (cache miss)
357 timing reifyNode:node_modules/normalize-url Completed in 1524ms
358 http fetch GET 200 https://registry.npmjs.org/methods/-/methods-1.1.2.tgz 1207ms (cache miss)
359 timing reifyNode:node_modules/methods Completed in 1527ms
360 http fetch GET 200 https://registry.npmjs.org/lowercase-keys/-/lowercase-keys-1.0.1.tgz 1185ms (cache miss)
361 timing reifyNode:node_modules/lowercase-keys Completed in 1531ms
362 http fetch GET 200 https://registry.npmjs.org/lodash.isstring/-/lodash.isstring-4.0.1.tgz 1195ms (cache miss)
363 timing reifyNode:node_modules/lodash.isstring Completed in 1535ms
364 http fetch GET 200 https://registry.npmjs.org/lodash.isnumber/-/lodash.isnumber-3.0.3.tgz 1179ms (cache miss)
365 timing reifyNode:node_modules/lodash.isnumber Completed in 1539ms
366 http fetch GET 200 https://registry.npmjs.org/is-ci/-/is-ci-2.0.0.tgz 1115ms (cache miss)
367 timing reifyNode:node_modules/is-ci Completed in 1545ms
368 http fetch GET 200 https://registry.npmjs.org/pstree.remy/-/pstree.remy-1.1.8.tgz 1326ms (cache miss)
369 timing reifyNode:node_modules/pstree.remy Completed in 1567ms
370 http fetch GET 200 https://registry.npmjs.org/lodash.isplainobject/-/lodash.isplainobject-4.0.6.tgz 1225ms (cache miss)
371 timing reifyNode:node_modules/lodash.isplainobject Completed in 1578ms
372 http fetch GET 200 https://registry.npmjs.org/generate-function/-/generate-function-2.3.1.tgz 1078ms (cache miss)
373 timing reifyNode:node_modules/generate-function Completed in 1580ms
374 http fetch GET 200 https://registry.npmjs.org/negotiator/-/negotiator-0.6.3.tgz 1299ms (cache miss)
375 timing reifyNode:node_modules/negotiator Completed in 1591ms
376 http fetch GET 200 https://registry.npmjs.org/media-typer/-/media-typer-0.3.0.tgz 1271ms (cache miss)
377 timing reifyNode:node_modules/media-typer Completed in 1594ms
378 http fetch GET 200 https://registry.npmjs.org/lodash.once/-/lodash.once-4.1.1.tgz 1262ms (cache miss)
379 timing reifyNode:node_modules/lodash.once Completed in 1598ms
380 http fetch GET 200 https://registry.npmjs.org/filelist/-/filelist-1.0.3.tgz 1098ms (cache miss)
381 timing reifyNode:node_modules/filelist Completed in 1603ms
382 http fetch GET 200 https://registry.npmjs.org/lodash.isboolean/-/lodash.isboolean-3.0.3.tgz 1243ms (cache miss)
383 timing reifyNode:node_modules/lodash.isboolean Completed in 1614ms
384 http fetch GET 200 https://registry.npmjs.org/is-path-inside/-/is-path-inside-3.0.3.tgz 1210ms (cache miss)
385 timing reifyNode:node_modules/is-path-inside Completed in 1616ms
386 http fetch GET 200 https://registry.npmjs.org/is-npm/-/is-npm-5.0.0.tgz 1199ms (cache miss)
387 timing reifyNode:node_modules/is-npm Completed in 1622ms
388 http fetch GET 200 https://registry.npmjs.org/ignore-by-default/-/ignore-by-default-1.0.1.tgz 1169ms (cache miss)
389 timing reifyNode:node_modules/ignore-by-default Completed in 1626ms
390 http fetch GET 200 https://registry.npmjs.org/merge-descriptors/-/merge-descriptors-1.0.1.tgz 1309ms (cache miss)
391 timing reifyNode:node_modules/merge-descriptors Completed in 1635ms
392 http fetch GET 200 https://registry.npmjs.org/latest-version/-/latest-version-5.1.0.tgz 1266ms (cache miss)
393 timing reifyNode:node_modules/latest-version Completed in 1639ms
394 http fetch GET 200 https://registry.npmjs.org/forwarded/-/forwarded-0.2.0.tgz 1132ms (cache miss)
395 timing reifyNode:node_modules/forwarded Completed in 1641ms
396 http fetch GET 200 https://registry.npmjs.org/end-of-stream/-/end-of-stream-1.4.4.tgz 1115ms (cache miss)
397 timing reifyNode:node_modules/end-of-stream Completed in 1647ms
398 http fetch GET 200 https://registry.npmjs.org/keyv/-/keyv-3.1.0.tgz 1269ms (cache miss)
399 timing reifyNode:node_modules/keyv Completed in 1656ms
400 http fetch GET 200 https://registry.npmjs.org/global-dirs/-/global-dirs-3.0.0.tgz 1176ms (cache miss)
401 timing reifyNode:node_modules/global-dirs Completed in 1658ms
402 http fetch GET 200 https://registry.npmjs.org/escape-goat/-/escape-goat-2.1.1.tgz 1125ms (cache miss)
403 timing reifyNode:node_modules/escape-goat Completed in 1665ms
404 http fetch GET 200 https://registry.npmjs.org/is-typedarray/-/is-typedarray-1.0.0.tgz 1276ms (cache miss)
405 timing reifyNode:node_modules/is-typedarray Completed in 1673ms
406 http fetch GET 200 https://registry.npmjs.org/is-binary-path/-/is-binary-path-2.1.0.tgz 1233ms (cache miss)
407 timing reifyNode:node_modules/is-binary-path Completed in 1677ms
408 http fetch GET 200 https://registry.npmjs.org/jwa/-/jwa-1.4.1.tgz 1267ms (cache miss)
409 timing reifyNode:node_modules/jwa Completed in 1681ms
410 http fetch GET 200 https://registry.npmjs.org/ecdsa-sig-formatter/-/ecdsa-sig-formatter-1.0.11.tgz 1117ms (cache miss)
411 timing reifyNode:node_modules/ecdsa-sig-formatter Completed in 1683ms
412 http fetch GET 200 https://registry.npmjs.org/dot-prop/-/dot-prop-5.3.0.tgz 1114ms (cache miss)
413 timing reifyNode:node_modules/dot-prop Completed in 1686ms
414 http fetch GET 200 https://registry.npmjs.org/defer-to-connect/-/defer-to-connect-1.1.3.tgz 1117ms (cache miss)
415 timing reifyNode:node_modules/defer-to-connect Completed in 1692ms
416 http fetch GET 200 https://registry.npmjs.org/lodash.includes/-/lodash.includes-4.3.0.tgz 1338ms (cache miss)
417 timing reifyNode:node_modules/lodash.includes Completed in 1701ms
418 http fetch GET 200 https://registry.npmjs.org/has-yarn/-/has-yarn-2.1.0.tgz 1235ms (cache miss)
419 timing reifyNode:node_modules/has-yarn Completed in 1704ms
420 http fetch GET 200 https://registry.npmjs.org/encodeurl/-/encodeurl-1.0.2.tgz 1184ms (cache miss)
421 timing reifyNode:node_modules/encodeurl Completed in 1710ms
422 http fetch GET 200 https://registry.npmjs.org/deep-extend/-/deep-extend-0.6.0.tgz 1130ms (cache miss)
423 timing reifyNode:node_modules/deep-extend Completed in 1712ms
424 http fetch GET 200 https://registry.npmjs.org/cookie/-/cookie-0.4.2.tgz 1105ms (cache miss)
425 timing reifyNode:node_modules/cookie Completed in 1716ms
426 http fetch GET 200 https://registry.npmjs.org/json-buffer/-/json-buffer-3.0.0.tgz 1343ms (cache miss)
427 timing reifyNode:node_modules/json-buffer Completed in 1726ms
428 http fetch GET 200 https://registry.npmjs.org/is-property/-/is-property-1.0.2.tgz 1326ms (cache miss)
429 timing reifyNode:node_modules/is-property Completed in 1729ms
430 http fetch GET 200 https://registry.npmjs.org/ini/-/ini-2.0.0.tgz 1272ms (cache miss)
431 timing reifyNode:node_modules/ini Completed in 1735ms
432 http fetch GET 200 https://registry.npmjs.org/get-stream/-/get-stream-4.1.0.tgz 1243ms (cache miss)
433 timing reifyNode:node_modules/get-stream Completed in 1738ms
434 http fetch GET 200 https://registry.npmjs.org/escape-html/-/escape-html-1.0.3.tgz 1219ms (cache miss)
435 timing reifyNode:node_modules/escape-html Completed in 1741ms
436 http fetch GET 200 https://registry.npmjs.org/ee-first/-/ee-first-1.1.1.tgz 1204ms (cache miss)
437 timing reifyNode:node_modules/ee-first Completed in 1746ms
438 http fetch GET 200 https://registry.npmjs.org/cli-boxes/-/cli-boxes-2.2.1.tgz 1120ms (cache miss)
439 timing reifyNode:node_modules/cli-boxes Completed in 1751ms
440 http fetch GET 200 https://registry.npmjs.org/nopt/-/nopt-1.0.10.tgz 1484ms (cache miss)
441 timing reifyNode:node_modules/nopt Completed in 1761ms
442 http fetch GET 200 https://registry.npmjs.org/http-errors/-/http-errors-1.8.1.tgz 1296ms (cache miss)
443 timing reifyNode:node_modules/http-errors Completed in 1762ms
444 http fetch GET 200 https://registry.npmjs.org/fresh/-/fresh-0.5.2.tgz 1267ms (cache miss)
445 timing reifyNode:node_modules/fresh Completed in 1765ms
446 http fetch GET 200 https://registry.npmjs.org/ci-info/-/ci-info-2.0.0.tgz 1134ms (cache miss)
447 timing reifyNode:node_modules/ci-info Completed in 1771ms
448 http fetch GET 200 https://registry.npmjs.org/jws/-/jws-3.2.2.tgz 1403ms (cache miss)
449 timing reifyNode:node_modules/jws Completed in 1780ms
450 http fetch GET 200 https://registry.npmjs.org/http-cache-semantics/-/http-cache-semantics-4.1.0.tgz 1294ms (cache miss)
451 timing reifyNode:node_modules/http-cache-semantics Completed in 1783ms
452 http fetch GET 200 https://registry.npmjs.org/binary-extensions/-/binary-extensions-2.2.0.tgz 1112ms (cache miss)
453 timing reifyNode:node_modules/binary-extensions Completed in 1785ms
454 http fetch GET 200 https://registry.npmjs.org/ansi-align/-/ansi-align-3.0.1.tgz 1108ms (cache miss)
455 timing reifyNode:node_modules/ansi-align Completed in 1791ms
456 http fetch GET 200 https://registry.npmjs.org/import-lazy/-/import-lazy-2.1.0.tgz 1354ms (cache miss)
457 timing reifyNode:node_modules/import-lazy Completed in 1804ms
458 http fetch GET 200 https://registry.npmjs.org/finalhandler/-/finalhandler-1.1.2.tgz 1293ms (cache miss)
459 timing reifyNode:node_modules/finalhandler Completed in 1808ms
460 http fetch GET 200 https://registry.npmjs.org/clone-response/-/clone-response-1.0.2.tgz 1191ms (cache miss)
461 timing reifyNode:node_modules/clone-response Completed in 1814ms
462 http fetch GET 200 https://registry.npmjs.org/@sindresorhus/is/-/is-0.14.0.tgz 1131ms (cache miss)
463 timing reifyNode:node_modules/@sindresorhus/is Completed in 1818ms
464 http fetch GET 200 https://registry.npmjs.org/abbrev/-/abbrev-1.1.1.tgz 1130ms (cache miss)
465 timing reifyNode:node_modules/abbrev Completed in 1827ms
466 http fetch GET 200 https://registry.npmjs.org/depd/-/depd-1.1.2.tgz 1271ms (cache miss)
467 timing reifyNode:node_modules/depd Completed in 1833ms
468 http fetch GET 200 https://registry.npmjs.org/decompress-response/-/decompress-response-3.3.0.tgz 1258ms (cache miss)
469 timing reifyNode:node_modules/decompress-response Completed in 1837ms
470 http fetch GET 200 https://registry.npmjs.org/buffer-equal-constant-time/-/buffer-equal-constant-time-1.0.1.tgz 1196ms (cache miss)
471 timing reifyNode:node_modules/buffer-equal-constant-time Completed in 1840ms
472 http fetch GET 200 https://registry.npmjs.org/array-flatten/-/array-flatten-1.1.1.tgz 1179ms (cache miss)
473 timing reifyNode:node_modules/array-flatten Completed in 1846ms
474 http fetch GET 200 https://registry.npmjs.org/lowercase-keys/-/lowercase-keys-2.0.0.tgz 1114ms (cache miss)
475 timing reifyNode:node_modules/cacheable-request/node_modules/lowercase-keys Completed in 1851ms
476 http fetch GET 200 https://registry.npmjs.org/duplexer3/-/duplexer3-0.1.4.tgz 1313ms (cache miss)
477 timing reifyNode:node_modules/duplexer3 Completed in 1859ms
478 http fetch GET 200 https://registry.npmjs.org/configstore/-/configstore-5.0.1.tgz 1244ms (cache miss)
479 timing reifyNode:node_modules/configstore Completed in 1862ms
480 http fetch GET 200 https://registry.npmjs.org/etag/-/etag-1.8.1.tgz 1353ms (cache miss)
481 timing reifyNode:node_modules/etag Completed in 1871ms
482 http fetch GET 200 https://registry.npmjs.org/content-type/-/content-type-1.0.4.tgz 1273ms (cache miss)
483 timing reifyNode:node_modules/content-type Completed in 1874ms
484 http fetch GET 200 https://registry.npmjs.org/content-disposition/-/content-disposition-0.5.4.tgz 1272ms (cache miss)
485 timing reifyNode:node_modules/content-disposition Completed in 1877ms
486 http fetch GET 200 https://registry.npmjs.org/crypto-random-string/-/crypto-random-string-2.0.0.tgz 1253ms (cache miss)
487 timing reifyNode:node_modules/crypto-random-string Completed in 1881ms
488 http fetch GET 200 https://registry.npmjs.org/accepts/-/accepts-1.3.8.tgz 1203ms (cache miss)
489 timing reifyNode:node_modules/accepts Completed in 1884ms
490 http fetch GET 200 https://registry.npmjs.org/has-flag/-/has-flag-3.0.0.tgz 1421ms (cache miss)
491 timing reifyNode:node_modules/has-flag Completed in 1894ms
492 http fetch GET 200 https://registry.npmjs.org/@szmarczak/http-timer/-/http-timer-1.1.2.tgz 1191ms (cache miss)
493 timing reifyNode:node_modules/@szmarczak/http-timer Completed in 1894ms
494 http fetch GET 200 https://registry.npmjs.org/ipaddr.js/-/ipaddr.js-1.9.1.tgz 1461ms (cache miss)
495 timing reifyNode:node_modules/ipaddr.js Completed in 1902ms
496 http fetch GET 200 https://registry.npmjs.org/destroy/-/destroy-1.0.4.tgz 1348ms (cache miss)
497 timing reifyNode:node_modules/destroy Completed in 1906ms
498 http fetch GET 200 https://registry.npmjs.org/once/-/once-1.4.0.tgz 1664ms (cache miss)
499 timing reifyNode:node_modules/once Completed in 1916ms
500 http fetch GET 200 https://registry.npmjs.org/wrappy/-/wrappy-1.0.2.tgz 1849ms (cache miss)
501 timing reifyNode:node_modules/wrappy Completed in 1921ms
502 http fetch GET 200 https://registry.npmjs.org/ms/-/ms-2.0.0.tgz 1625ms (cache miss)
503 timing reifyNode:node_modules/ms Completed in 1922ms
504 http fetch GET 200 https://registry.npmjs.org/cors/-/cors-2.8.5.tgz 1315ms (cache miss)
505 timing reifyNode:node_modules/cors Completed in 1923ms
506 http fetch GET 200 https://registry.npmjs.org/cacheable-request/-/cacheable-request-6.1.0.tgz 1281ms (cache miss)
507 timing reifyNode:node_modules/cacheable-request Completed in 1929ms
508 http fetch GET 200 https://registry.npmjs.org/bytes/-/bytes-3.1.2.tgz 1281ms (cache miss)
509 timing reifyNode:node_modules/bytes Completed in 1932ms
510 http fetch GET 200 https://registry.npmjs.org/lru-cache/-/lru-cache-4.1.5.tgz 1218ms (cache miss)
511 timing reifyNode:node_modules/named-placeholders/node_modules/lru-cache Completed in 1940ms
512 http fetch GET 200 https://registry.npmjs.org/concat-map/-/concat-map-0.0.1.tgz 1328ms (cache miss)
513 timing reifyNode:node_modules/concat-map Completed in 1943ms
514 http fetch GET 200 https://registry.npmjs.org/mime/-/mime-1.6.0.tgz 1618ms (cache miss)
515 timing reifyNode:node_modules/mime Completed in 1951ms
516 http fetch GET 200 https://registry.npmjs.org/cookie-signature/-/cookie-signature-1.0.6.tgz 1361ms (cache miss)
517 timing reifyNode:node_modules/cookie-signature Completed in 1951ms
518 http fetch GET 200 https://registry.npmjs.org/minimatch/-/minimatch-5.0.1.tgz 1227ms (cache miss)
519 timing reifyNode:node_modules/filelist/node_modules/minimatch Completed in 1956ms
520 http fetch GET 200 https://registry.npmjs.org/is-extglob/-/is-extglob-2.1.1.tgz 1527ms (cache miss)
521 timing reifyNode:node_modules/is-extglob Completed in 1961ms
522 http fetch GET 200 https://registry.npmjs.org/imurmurhash/-/imurmurhash-0.1.4.tgz 1519ms (cache miss)
523 timing reifyNode:node_modules/imurmurhash Completed in 1967ms
524 http fetch GET 200 https://registry.npmjs.org/long/-/long-4.0.0.tgz 1622ms (cache miss)
525 timing reifyNode:node_modules/long Completed in 1972ms
526 http fetch GET 200 https://registry.npmjs.org/lru-cache/-/lru-cache-7.8.1.tgz 1283ms (cache miss)
527 timing reifyNode:node_modules/update-notifier/node_modules/lru-cache Completed in 1981ms
528 http fetch GET 200 https://registry.npmjs.org/ini/-/ini-1.3.8.tgz 1271ms (cache miss)
529 timing reifyNode:node_modules/rc/node_modules/ini Completed in 1986ms
530 http fetch GET 200 https://registry.npmjs.org/get-stream/-/get-stream-5.2.0.tgz 1250ms (cache miss)
531 timing reifyNode:node_modules/cacheable-request/node_modules/get-stream Completed in 1984ms
532 http fetch GET 200 https://registry.npmjs.org/boxen/-/boxen-5.1.2.tgz 1333ms (cache miss)
533 timing reifyNode:node_modules/boxen Completed in 1988ms
534 http fetch GET 200 https://registry.npmjs.org/brace-expansion/-/brace-expansion-2.0.1.tgz 1271ms (cache miss)
535 timing reifyNode:node_modules/filelist/node_modules/brace-expansion Completed in 1996ms
536 http fetch GET 200 https://registry.npmjs.org/yallist/-/yallist-2.1.2.tgz 1288ms (cache miss)
537 timing reifyNode:node_modules/named-placeholders/node_modules/yallist Completed in 2005ms
538 http fetch GET 200 https://registry.npmjs.org/dotenv/-/dotenv-16.0.0.tgz 1453ms (cache miss)
539 timing reifyNode:node_modules/dotenv Completed in 2009ms
540 http fetch GET 200 https://registry.npmjs.org/got/-/got-9.6.0.tgz 1536ms (cache miss)
541 timing reifyNode:node_modules/got Completed in 2014ms
542 http fetch GET 200 https://registry.npmjs.org/chokidar/-/chokidar-3.5.3.tgz 1375ms (cache miss)
543 timing reifyNode:node_modules/chokidar Completed in 2017ms
544 http fetch GET 200 https://registry.npmjs.org/qs/-/qs-6.9.7.tgz 1828ms (cache miss)
545 timing reifyNode:node_modules/qs Completed in 2028ms
546 http fetch GET 200 https://registry.npmjs.org/jsonwebtoken/-/jsonwebtoken-8.5.1.tgz 1636ms (cache miss)
547 timing reifyNode:node_modules/jsonwebtoken Completed in 2030ms
548 http fetch GET 200 https://registry.npmjs.org/body-parser/-/body-parser-1.19.2.tgz 1376ms (cache miss)
549 timing reifyNode:node_modules/body-parser Completed in 2033ms
550 http fetch GET 200 https://registry.npmjs.org/cron/-/cron-1.8.2.tgz 1463ms (cache miss)
551 timing reifyNode:node_modules/cron Completed in 2062ms
552 http fetch GET 200 https://registry.npmjs.org/ejs/-/ejs-3.1.7.tgz 1517ms (cache miss)
553 timing reifyNode:node_modules/ejs Completed in 2069ms
554 http fetch GET 200 https://registry.npmjs.org/express/-/express-4.17.3.tgz 1540ms (cache miss)
555 timing reifyNode:node_modules/express Completed in 2076ms
556 http fetch GET 200 https://registry.npmjs.org/jake/-/jake-10.8.5.tgz 1706ms (cache miss)
557 http fetch GET 200 https://registry.npmjs.org/bcryptjs/-/bcryptjs-2.4.3.tgz 1435ms (cache miss)
558 timing reifyNode:node_modules/bcryptjs Completed in 2098ms
559 timing reifyNode:node_modules/jake Completed in 2104ms
560 http fetch GET 200 https://registry.npmjs.org/semver/-/semver-7.3.6.tgz 1405ms (cache miss)
561 timing reifyNode:node_modules/update-notifier/node_modules/semver Completed in 2114ms
562 http fetch GET 200 https://registry.npmjs.org/iconv-lite/-/iconv-lite-0.6.3.tgz 1390ms (cache miss)
563 timing reifyNode:node_modules/mysql2/node_modules/iconv-lite Completed in 2115ms
564 http fetch GET 200 https://registry.npmjs.org/nodemon/-/nodemon-2.0.15.tgz 1821ms (cache miss)
565 timing reifyNode:node_modules/nodemon Completed in 2123ms
566 http fetch GET 200 https://registry.npmjs.org/iconv-lite/-/iconv-lite-0.4.24.tgz 1641ms (cache miss)
567 timing reifyNode:node_modules/iconv-lite Completed in 2127ms
568 http fetch GET 200 https://registry.npmjs.org/moment-timezone/-/moment-timezone-0.5.34.tgz 1848ms (cache miss)
569 timing reifyNode:node_modules/moment-timezone Completed in 2152ms
570 http fetch GET 200 https://registry.npmjs.org/nodemailer/-/nodemailer-6.7.3.tgz 1883ms (cache miss)
571 timing reifyNode:node_modules/nodemailer Completed in 2164ms
572 http fetch GET 200 https://registry.npmjs.org/mysql2/-/mysql2-2.3.3.tgz 1854ms (cache miss)
573 timing reifyNode:node_modules/mysql2 Completed in 2168ms
574 http fetch GET 200 https://registry.npmjs.org/async/-/async-3.2.3.tgz 1498ms (cache miss)
575 timing reifyNode:node_modules/async Completed in 2174ms
576 http fetch GET 200 https://registry.npmjs.org/moment/-/moment-2.29.2.tgz 1941ms (cache miss)
577 timing reifyNode:node_modules/moment Completed in 2251ms
578 timing reify:unpack Completed in 2255ms
579 timing reify:unretire Completed in 0ms
580 timing build:queue Completed in 4ms
581 timing build:link:node_modules/ejs Completed in 3ms
582 timing build:link:node_modules/make-dir/node_modules/semver Completed in 2ms
583 timing build:link:node_modules/package-json/node_modules/semver Completed in 2ms
584 timing build:link:node_modules/is-ci Completed in 3ms
585 timing build:link:node_modules/jake Completed in 3ms
586 timing build:link:node_modules/nodemon Completed in 3ms
587 timing build:link:node_modules/mime Completed in 3ms
588 timing build:link:node_modules/semver-diff/node_modules/semver Completed in 2ms
589 timing build:link:node_modules/nopt Completed in 3ms
590 timing build:link:node_modules/update-notifier/node_modules/semver Completed in 2ms
591 timing build:link:node_modules/rc Completed in 3ms
592 timing build:link:node_modules/semver Completed in 2ms
593 timing build:link:node_modules/touch Completed in 2ms
594 timing build:link Completed in 3ms
595 info run nodemon@2.0.15 postinstall node_modules/nodemon node bin/postinstall || exit 0
596 info run nodemon@2.0.15 postinstall { code: 0, signal: null }
597 timing build:run:postinstall:node_modules/nodemon Completed in 76ms
598 timing build:run:postinstall Completed in 76ms
599 timing build:deps Completed in 83ms
600 timing build Completed in 83ms
601 timing reify:build Completed in 84ms
602 timing reify:trash Completed in 1ms
603 timing reify:save Completed in 26ms
604 timing reify Completed in 2501ms
605 silly ADD node_modules/yallist
606 silly ADD node_modules/xdg-basedir
607 silly ADD node_modules/write-file-atomic
608 silly ADD node_modules/wrappy
609 silly ADD node_modules/wrap-ansi
610 silly ADD node_modules/widest-line
611 silly ADD node_modules/vary
612 silly ADD node_modules/utils-merge
613 silly ADD node_modules/url-parse-lax
614 silly ADD node_modules/update-notifier
615 silly ADD node_modules/update-notifier/node_modules/semver
616 silly ADD node_modules/update-notifier/node_modules/lru-cache
617 silly ADD node_modules/unpipe
618 silly ADD node_modules/unique-string
619 silly ADD node_modules/undefsafe
620 silly ADD node_modules/typedarray-to-buffer
621 silly ADD node_modules/type-is
622 silly ADD node_modules/type-fest
623 silly ADD node_modules/touch
624 silly ADD node_modules/toidentifier
625 silly ADD node_modules/to-regex-range
626 silly ADD node_modules/to-readable-stream
627 silly ADD node_modules/supports-color
628 silly ADD node_modules/strip-json-comments
629 silly ADD node_modules/strip-ansi
630 silly ADD node_modules/string-width
631 silly ADD node_modules/statuses
632 silly ADD node_modules/sqlstring
633 silly ADD node_modules/signal-exit
634 silly ADD node_modules/setprototypeof
635 silly ADD node_modules/serve-static
636 silly ADD node_modules/seq-queue
637 silly ADD node_modules/send
638 silly ADD node_modules/send/node_modules/ms
639 silly ADD node_modules/semver-diff
640 silly ADD node_modules/semver-diff/node_modules/semver
641 silly ADD node_modules/semver
642 silly ADD node_modules/safer-buffer
643 silly ADD node_modules/safe-buffer
644 silly ADD node_modules/responselike
645 silly ADD node_modules/registry-url
646 silly ADD node_modules/registry-auth-token
647 silly ADD node_modules/readdirp
648 silly ADD node_modules/rc
649 silly ADD node_modules/rc/node_modules/ini
650 silly ADD node_modules/raw-body
651 silly ADD node_modules/range-parser
652 silly ADD node_modules/qs
653 silly ADD node_modules/pupa
654 silly ADD node_modules/pump
655 silly ADD node_modules/pstree.remy
656 silly ADD node_modules/pseudomap
657 silly ADD node_modules/proxy-addr
658 silly ADD node_modules/prepend-http
659 silly ADD node_modules/picomatch
660 silly ADD node_modules/path-to-regexp
661 silly ADD node_modules/parseurl
662 silly ADD node_modules/package-json
663 silly ADD node_modules/package-json/node_modules/semver
664 silly ADD node_modules/p-cancelable
665 silly ADD node_modules/once
666 silly ADD node_modules/on-finished
667 silly ADD node_modules/object-assign
668 silly ADD node_modules/normalize-url
669 silly ADD node_modules/normalize-path
670 silly ADD node_modules/nopt
671 silly ADD node_modules/nodemon
672 silly ADD node_modules/nodemon/node_modules/ms
673 silly ADD node_modules/nodemon/node_modules/debug
674 silly ADD node_modules/nodemailer
675 silly ADD node_modules/negotiator
676 silly ADD node_modules/named-placeholders
677 silly ADD node_modules/named-placeholders/node_modules/yallist
678 silly ADD node_modules/named-placeholders/node_modules/lru-cache
679 silly ADD node_modules/mysql2
680 silly ADD node_modules/mysql2/node_modules/iconv-lite
681 silly ADD node_modules/ms
682 silly ADD node_modules/moment-timezone
683 silly ADD node_modules/moment
684 silly ADD node_modules/minimist
685 silly ADD node_modules/minimatch
686 silly ADD node_modules/mimic-response
687 silly ADD node_modules/mime-types
688 silly ADD node_modules/mime-db
689 silly ADD node_modules/mime
690 silly ADD node_modules/methods
691 silly ADD node_modules/merge-descriptors
692 silly ADD node_modules/media-typer
693 silly ADD node_modules/make-dir
694 silly ADD node_modules/make-dir/node_modules/semver
695 silly ADD node_modules/lru-cache
696 silly ADD node_modules/lowercase-keys
697 silly ADD node_modules/long
698 silly ADD node_modules/lodash.once
699 silly ADD node_modules/lodash.isstring
700 silly ADD node_modules/lodash.isplainobject
701 silly ADD node_modules/lodash.isnumber
702 silly ADD node_modules/lodash.isinteger
703 silly ADD node_modules/lodash.isboolean
704 silly ADD node_modules/lodash.includes
705 silly ADD node_modules/latest-version
706 silly ADD node_modules/keyv
707 silly ADD node_modules/jws
708 silly ADD node_modules/jwa
709 silly ADD node_modules/jsonwebtoken
710 silly ADD node_modules/jsonwebtoken/node_modules/ms
711 silly ADD node_modules/json-buffer
712 silly ADD node_modules/jake
713 silly ADD node_modules/is-yarn-global
714 silly ADD node_modules/is-typedarray
715 silly ADD node_modules/is-property
716 silly ADD node_modules/is-path-inside
717 silly ADD node_modules/is-obj
718 silly ADD node_modules/is-number
719 silly ADD node_modules/is-npm
720 silly ADD node_modules/is-installed-globally
721 silly ADD node_modules/is-glob
722 silly ADD node_modules/is-fullwidth-code-point
723 silly ADD node_modules/is-extglob
724 silly ADD node_modules/is-ci
725 silly ADD node_modules/is-binary-path
726 silly ADD node_modules/ipaddr.js
727 silly ADD node_modules/ini
728 silly ADD node_modules/inherits
729 silly ADD node_modules/imurmurhash
730 silly ADD node_modules/import-lazy
731 silly ADD node_modules/ignore-by-default
732 silly ADD node_modules/iconv-lite
733 silly ADD node_modules/http-errors
734 silly ADD node_modules/http-cache-semantics
735 silly ADD node_modules/has-yarn
736 silly ADD node_modules/has-flag
737 silly ADD node_modules/graceful-fs
738 silly ADD node_modules/got
739 silly ADD node_modules/global-dirs
740 silly ADD node_modules/glob-parent
741 silly ADD node_modules/get-stream
742 silly ADD node_modules/generate-function
743 silly ADD
744 silly ADD node_modules/fresh
745 silly ADD node_modules/forwarded
746 silly ADD node_modules/finalhandler
747 silly ADD node_modules/fill-range
748 silly ADD node_modules/filelist
749 silly ADD node_modules/filelist/node_modules/minimatch
750 silly ADD node_modules/filelist/node_modules/brace-expansion
751 silly ADD node_modules/express
752 silly ADD node_modules/etag
753 silly ADD node_modules/escape-html
754 silly ADD node_modules/escape-goat
755 silly ADD node_modules/end-of-stream
756 silly ADD node_modules/encodeurl
757 silly ADD node_modules/emoji-regex
758 silly ADD node_modules/ejs
759 silly ADD node_modules/ee-first
760 silly ADD node_modules/ecdsa-sig-formatter
761 silly ADD node_modules/duplexer3
762 silly ADD node_modules/dotenv
763 silly ADD node_modules/dot-prop
764 silly ADD node_modules/destroy
765 silly ADD node_modules/depd
766 silly ADD node_modules/denque
767 silly ADD node_modules/defer-to-connect
768 silly ADD node_modules/deep-extend
769 silly ADD node_modules/decompress-response
770 silly ADD node_modules/debug
771 silly ADD node_modules/crypto-random-string
772 silly ADD node_modules/cron
773 silly ADD node_modules/cors
774 silly ADD node_modules/cookie-signature
775 silly ADD node_modules/cookie
776 silly ADD node_modules/content-type
777 silly ADD node_modules/content-disposition
778 silly ADD node_modules/configstore
779 silly ADD node_modules/concat-map
780 silly ADD node_modules/color-name
781 silly ADD node_modules/color-convert
782 silly ADD node_modules/clone-response
783 silly ADD node_modules/cli-boxes
784 silly ADD node_modules/ci-info
785 silly ADD node_modules/chokidar
786 silly ADD node_modules/chalk
787 silly ADD node_modules/chalk/node_modules/supports-color
788 silly ADD node_modules/chalk/node_modules/has-flag
789 silly ADD node_modules/camelcase
790 silly ADD node_modules/cacheable-request
791 silly ADD node_modules/cacheable-request/node_modules/lowercase-keys
792 silly ADD node_modules/cacheable-request/node_modules/get-stream
793 silly ADD node_modules/bytes
794 silly ADD node_modules/buffer-equal-constant-time
795 silly ADD node_modules/braces
796 silly ADD node_modules/brace-expansion
797 silly ADD node_modules/boxen
798 silly ADD node_modules/body-parser
799 silly ADD node_modules/binary-extensions
800 silly ADD node_modules/bcryptjs
801 silly ADD node_modules/balanced-match
802 silly ADD node_modules/async
803 silly ADD node_modules/array-flatten
804 silly ADD node_modules/anymatch
805 silly ADD node_modules/ansi-styles
806 silly ADD node_modules/ansi-regex
807 silly ADD node_modules/ansi-align
808 silly ADD node_modules/accepts
809 silly ADD node_modules/abbrev
810 silly ADD node_modules/@szmarczak/http-timer
811 silly ADD node_modules/@sindresorhus/is
812 timing command:i Completed in 2511ms
813 verbose exit 0
814 timing npm Completed in 2655ms
815 info ok
